2013-10-23 23:06:39 INFO  DispatcherServlet:454 - FrameworkServlet 'web-aim': initialization started
2013-10-23 23:06:39 INFO  XmlWebApplicationContext:510 - Refreshing WebApplicationContext for namespace 'web-aim-servlet': startup date [Wed Oct 23 23:06:39 EDT 2013]; parent: Root WebApplicationContext
2013-10-23 23:06:39 INFO  XmlBeanDefinitionReader:315 - Loading XML bean definitions from class path resource [spring/web-aim-servlet.xml]
2013-10-23 23:06:39 INFO  SecurityNamespaceHandler:59 - Spring Security 'config' module version is 3.1.4.RELEASE
2013-10-23 23:06:39 INFO  GlobalMethodSecurityBeanDefinitionParser:161 - Expressions were enabled for method security but no SecurityExpressionHandler was configured. All hasPermision() expressions will evaluate to false.
2013-10-23 23:06:40 INFO  DefaultListableBeanFactory:598 - Pre-instantiating singletons in org.springframework.beans.factory.support.DefaultListableBeanFactory@73866914: defining beans [globalConfig,coursesController,homeController,loginController,outcomeTabulateController,peoTabulateController,usersController,evaluatorDaoImpl,org.springframework.context.annotation.internalConfigurationAnnotationProcessor,org.springframework.context.annotation.internalAutowiredAnnotationProcessor,org.springframework.context.annotation.internalRequiredAnnotationProcessor,org.springframework.context.annotation.internalCommonAnnotationProcessor,mvcContentNegotiationManager,org.springframework.web.servlet.mvc.method.annotation.RequestMappingHandlerMapping#0,org.springframework.format.support.FormattingConversionServiceFactoryBean#0,org.springframework.validation.beanvalidation.LocalValidatorFactoryBean#0,org.springframework.web.servlet.mvc.method.annotation.RequestMappingHandlerAdapter#0,org.springframework.web.servlet.handler.MappedInterceptor#0,org.springframework.web.servlet.mvc.method.annotation.ExceptionHandlerExceptionResolver#0,org.springframework.web.servlet.mvc.annotation.ResponseStatusExceptionResolver#0,org.springframework.web.servlet.mvc.support.DefaultHandlerExceptionResolver#0,org.springframework.web.servlet.handler.BeanNameUrlHandlerMapping,org.springframework.web.servlet.mvc.HttpRequestHandlerAdapter,org.springframework.web.servlet.mvc.SimpleControllerHandlerAdapter,org.springframework.web.servlet.resource.ResourceHttpRequestHandler#0,org.springframework.web.servlet.handler.SimpleUrlHandlerMapping#0,org.springframework.web.servlet.resource.ResourceHttpRequestHandler#1,org.springframework.web.servlet.handler.SimpleUrlHandlerMapping#1,org.springframework.web.servlet.resource.ResourceHttpRequestHandler#2,org.springframework.web.servlet.handler.SimpleUrlHandlerMapping#2,org.springframework.web.servlet.resource.ResourceHttpRequestHandler#3,org.springframework.web.servlet.handler.SimpleUrlHandlerMapping#3,org.springframework.web.servlet.handler.MappedInterceptor#1,org.springframework.security.access.expression.method.DefaultMethodSecurityExpressionHandler#0,org.springframework.security.access.method.DelegatingMethodSecurityMetadataSource#0,org.springframework.security.access.vote.AffirmativeBased#0,org.springframework.security.access.intercept.aopalliance.MethodSecurityInterceptor#0,org.springframework.security.methodSecurityMetadataSourceAdvisor,org.springframework.aop.config.internalAutoProxyCreator,org.springframework.web.servlet.view.InternalResourceViewResolver#0,messageSource,org.springframework.context.annotation.ConfigurationClassPostProcessor.importAwareProcessor,globalProperties]; parent: org.springframework.beans.factory.support.DefaultListableBeanFactory@b40d694
2013-10-23 23:06:40 INFO  RequestMappingHandlerMapping:179 - Mapped "{[/courses],methods=[GET],params=[],headers=[],consumes=[],produces=[],custom=[]}" onto public java.lang.String com.aim.controller.CoursesController.getCourses(org.springframework.ui.ModelMap)
2013-10-23 23:06:40 INFO  RequestMappingHandlerMapping:179 - Mapped "{[/courses/course-offerings],methods=[GET],params=[],headers=[],consumes=[],produces=[],custom=[]}" onto public java.lang.String com.aim.controller.CoursesController.getOfferings(org.springframework.ui.ModelMap)
2013-10-23 23:06:40 INFO  RequestMappingHandlerMapping:179 - Mapped "{[/courses/missing-course-info],methods=[GET],params=[],headers=[],consumes=[],produces=[],custom=[]}" onto public java.lang.String com.aim.controller.CoursesController.getMissingInfo(org.springframework.ui.ModelMap)
2013-10-23 23:06:40 INFO  RequestMappingHandlerMapping:179 - Mapped "{[/],methods=[GET],params=[],headers=[],consumes=[],produces=[],custom=[]}" onto public java.lang.String com.aim.controller.HomeController.getHomePage(org.springframework.ui.ModelMap)
2013-10-23 23:06:40 INFO  RequestMappingHandlerMapping:179 - Mapped "{[//globalMessage],methods=[POST],params=[],headers=[],consumes=[],produces=[],custom=[]}" onto public org.springframework.web.servlet.ModelAndView com.aim.controller.HomeController.setGlobalMessage(java.lang.String)
2013-10-23 23:06:40 INFO  RequestMappingHandlerMapping:179 - Mapped "{[/login/success],methods=[],params=[],headers=[],consumes=[],produces=[],custom=[]}" onto public org.springframework.web.servlet.ModelAndView com.aim.controller.LoginController.successLogin(java.security.Principal,org.springframework.web.servlet.mvc.support.RedirectAttributes)
2013-10-23 23:06:40 INFO  RequestMappingHandlerMapping:179 - Mapped "{[/login],methods=[GET],params=[],headers=[],consumes=[],produces=[],custom=[]}" onto public java.lang.String com.aim.controller.LoginController.defaultLogin()
2013-10-23 23:06:40 INFO  RequestMappingHandlerMapping:179 - Mapped "{[/student-outcomes/tabulate-outcomes],methods=[GET],params=[],headers=[],consumes=[],produces=[],custom=[]}" onto public java.lang.String com.aim.controller.OutcomeTabulateController.getAllOutcomes(org.springframework.ui.ModelMap)
2013-10-23 23:06:40 INFO  RequestMappingHandlerMapping:179 - Mapped "{[/peo/tabulate-attainment],methods=[GET],params=[],headers=[],consumes=[],produces=[],custom=[]}" onto public java.lang.String com.aim.controller.PeoTabulateController.getAllPeos(java.security.Principal,org.springframework.ui.ModelMap)
2013-10-23 23:06:40 INFO  RequestMappingHandlerMapping:179 - Mapped "{[/users],methods=[GET],params=[],headers=[],consumes=[],produces=[],custom=[]}" onto public java.lang.String com.aim.controller.UsersController.getAllUsers(org.springframework.ui.ModelMap)
2013-10-23 23:06:40 INFO  Version:27 - HV000001: Hibernate Validator 5.0.0.Final
2013-10-23 23:06:41 INFO  SimpleUrlHandlerMapping:315 - Mapped URL path [/css/**] onto handler 'org.springframework.web.servlet.resource.ResourceHttpRequestHandler#0'
2013-10-23 23:06:41 INFO  SimpleUrlHandlerMapping:315 - Mapped URL path [/images/**] onto handler 'org.springframework.web.servlet.resource.ResourceHttpRequestHandler#1'
2013-10-23 23:06:41 INFO  SimpleUrlHandlerMapping:315 - Mapped URL path [/js/**] onto handler 'org.springframework.web.servlet.resource.ResourceHttpRequestHandler#2'
2013-10-23 23:06:41 INFO  SimpleUrlHandlerMapping:315 - Mapped URL path [/fonts/**] onto handler 'org.springframework.web.servlet.resource.ResourceHttpRequestHandler#3'
2013-10-23 23:06:41 INFO  DispatcherServlet:473 - FrameworkServlet 'web-aim': initialization completed in 1512 ms
2013-10-23 23:06:41 INFO  HomeController:31 - User gets the home page
2013-10-23 23:06:43 INFO  HomeController:31 - User gets the home page
2013-10-23 23:06:43 INFO  HomeController:31 - User gets the home page
2013-10-23 23:06:47 INFO  LoginController:38 - Get default login page
2013-10-23 23:06:52 INFO  LoginController:44 - login succeed: milky As [ROLE_ADMIN]
2013-10-23 23:06:52 INFO  HomeController:31 - User gets the home page
2013-10-23 23:07:05 INFO  HomeController:44 - User sets global message to: Hello!
2013-10-23 23:07:05 INFO  HomeController:31 - User gets the home page
2013-10-23 23:07:06 INFO  HomeController:31 - User gets the home page
2013-10-23 23:07:08 INFO  LoginController:38 - Get default login page
2013-10-23 23:07:10 INFO  LoginController:44 - login succeed: yun As [ROLE_CIC]
2013-10-23 23:07:10 INFO  HomeController:31 - User gets the home page
2013-10-23 23:07:17 INFO  CoursesController:29 - User tries to get courses.
2013-10-23 23:07:19 INFO  UsersController:26 - User tries to get all users' information.
2013-10-23 23:07:21 INFO  HomeController:31 - User gets the home page
2013-10-23 23:07:29 INFO  XmlWebApplicationContext:1042 - Closing WebApplicationContext for namespace 'web-aim-servlet': startup date [Wed Oct 23 23:06:39 EDT 2013]; parent: Root WebApplicationContext
2013-10-23 23:07:29 INFO  DefaultListableBeanFactory:444 - Destroying singletons in org.springframework.beans.factory.support.DefaultListableBeanFactory@73866914: defining beans [globalConfig,coursesController,homeController,loginController,outcomeTabulateController,peoTabulateController,usersController,evaluatorDaoImpl,org.springframework.context.annotation.internalConfigurationAnnotationProcessor,org.springframework.context.annotation.internalAutowiredAnnotationProcessor,org.springframework.context.annotation.internalRequiredAnnotationProcessor,org.springframework.context.annotation.internalCommonAnnotationProcessor,mvcContentNegotiationManager,org.springframework.web.servlet.mvc.method.annotation.RequestMappingHandlerMapping#0,org.springframework.format.support.FormattingConversionServiceFactoryBean#0,org.springframework.validation.beanvalidation.LocalValidatorFactoryBean#0,org.springframework.web.servlet.mvc.method.annotation.RequestMappingHandlerAdapter#0,org.springframework.web.servlet.handler.MappedInterceptor#0,org.springframework.web.servlet.mvc.method.annotation.ExceptionHandlerExceptionResolver#0,org.springframework.web.servlet.mvc.annotation.ResponseStatusExceptionResolver#0,org.springframework.web.servlet.mvc.support.DefaultHandlerExceptionResolver#0,org.springframework.web.servlet.handler.BeanNameUrlHandlerMapping,org.springframework.web.servlet.mvc.HttpRequestHandlerAdapter,org.springframework.web.servlet.mvc.SimpleControllerHandlerAdapter,org.springframework.web.servlet.resource.ResourceHttpRequestHandler#0,org.springframework.web.servlet.handler.SimpleUrlHandlerMapping#0,org.springframework.web.servlet.resource.ResourceHttpRequestHandler#1,org.springframework.web.servlet.handler.SimpleUrlHandlerMapping#1,org.springframework.web.servlet.resource.ResourceHttpRequestHandler#2,org.springframework.web.servlet.handler.SimpleUrlHandlerMapping#2,org.springframework.web.servlet.resource.ResourceHttpRequestHandler#3,org.springframework.web.servlet.handler.SimpleUrlHandlerMapping#3,org.springframework.web.servlet.handler.MappedInterceptor#1,org.springframework.security.access.expression.method.DefaultMethodSecurityExpressionHandler#0,org.springframework.security.access.method.DelegatingMethodSecurityMetadataSource#0,org.springframework.security.access.vote.AffirmativeBased#0,org.springframework.security.access.intercept.aopalliance.MethodSecurityInterceptor#0,org.springframework.security.methodSecurityMetadataSourceAdvisor,org.springframework.aop.config.internalAutoProxyCreator,org.springframework.web.servlet.view.InternalResourceViewResolver#0,messageSource,org.springframework.context.annotation.ConfigurationClassPostProcessor.importAwareProcessor,globalProperties]; parent: org.springframework.beans.factory.support.DefaultListableBeanFactory@b40d694
